<?xml version="1.0" encoding="UTF-8"?>
<robot generator="Robot 7.2.2 (Python 3.13.2 on win32)" generated="2025-03-12T10:48:57.926866" rpa="false" schemaversion="5">
<suite id="s1" name="loginWCF" source="C:\xampp\htdocs\testgit\testgit\robot\loginWCF.robot">
<test id="s1-t1" name="TS_02: เข้าสู่ระบบ" line="18">
<kw name="Log" owner="BuiltIn">
<msg time="2025-03-12T10:48:58.347796" level="INFO">Starting TS_02</msg>
<arg>Starting TS_02</arg>
<doc>Logs the given message with the given level.</doc>
<status status="PASS" start="2025-03-12T10:48:58.347515" elapsed="0.000390"/>
</kw>
<kw name="Open Browser" owner="SeleniumLibrary">
<msg time="2025-03-12T10:48:58.348705" level="INFO">Opening browser 'Chrome' to base url 'http://172.16.19.62:9080/wcf_r'.</msg>
<arg>${URL}</arg>
<arg>${BROWSERS}</arg>
<doc>Opens a new browser instance to the optional ``url``.</doc>
<status status="PASS" start="2025-03-12T10:48:58.348340" elapsed="2.499039"/>
</kw>
<kw name="Maximize Browser Window" owner="SeleniumLibrary">
<doc>Maximizes current browser window.</doc>
<status status="PASS" start="2025-03-12T10:49:00.848449" elapsed="0.047179"/>
</kw>
<kw name="Add User Pass">
<kw name="Wait Until Element Is Visible" owner="SeleniumLibrary">
<arg>name=username</arg>
<arg>5s</arg>
<doc>Waits until the element ``locator`` is visible.</doc>
<status status="PASS" start="2025-03-12T10:49:00.897896" elapsed="0.172489"/>
</kw>
<kw name="Input Text" owner="SeleniumLibrary">
<msg time="2025-03-12T10:49:01.071158" level="INFO">Typing text 'bo.suttawat' into text field 'name=username'.</msg>
<arg>name=username</arg>
<arg>${username}</arg>
<doc>Types the given ``text`` into the text field identified by ``locator``.</doc>
<status status="PASS" start="2025-03-12T10:49:01.070707" elapsed="0.146079"/>
</kw>
<kw name="Input Text" owner="SeleniumLibrary">
<msg time="2025-03-12T10:49:01.217606" level="INFO">Typing text 'xxxxx' into text field 'name=password'.</msg>
<arg>name=password</arg>
<arg>${password}</arg>
<doc>Types the given ``text`` into the text field identified by ``locator``.</doc>
<status status="PASS" start="2025-03-12T10:49:01.217139" elapsed="0.102450"/>
</kw>
<arg>${USERNAME}</arg>
<arg>${PASSWORD}</arg>
<status status="PASS" start="2025-03-12T10:49:00.897061" elapsed="0.422733"/>
</kw>
<kw name="Set Selenium Speed" owner="SeleniumLibrary">
<arg>5000</arg>
<doc>Sets the delay that is waited after each Selenium command.</doc>
<status status="PASS" start="2025-03-12T10:49:01.320174" elapsed="0.000304"/>
</kw>
<kw name="Close Browser" owner="SeleniumLibrary">
<doc>Closes the current browser.</doc>
<status status="PASS" start="2025-03-12T10:49:01.320822" elapsed="114.144445"/>
</kw>
<kw name="Log" owner="BuiltIn">
<arg>Finished TS_02</arg>
<doc>Logs the given message with the given level.</doc>
<status status="FAIL" start="2025-03-12T10:50:55.465783" elapsed="0.000243">Execution terminated by signal</status>
</kw>
<status status="FAIL" start="2025-03-12T10:48:58.345447" elapsed="117.121093">Execution terminated by signal</status>
</test>
<status status="FAIL" start="2025-03-12T10:48:57.928601" elapsed="117.539442"/>
</suite>
<statistics>
<total>
<stat pass="0" fail="1" skip="0">All Tests</stat>
</total>
<tag>
</tag>
<suite>
<stat name="loginWCF" id="s1" pass="0" fail="1" skip="0">loginWCF</stat>
</suite>
</statistics>
<errors>
</errors>
</robot>
